Initial Jain correction:
      Sc    Ti    V     Cr    Mn    Fe    Co    Ni    Cu    Zn
 c = [0.00, 0.00, 0.00, 0.00, 0.00, 0.00, 0.00, 0.00, 0.00, 0.00]

Initial U values:
      Sc    Ti    V     Cr    Mn    Fe    Co    Ni    Cu    Zn
 U = [0.00, 0.10, 0.10, 0.10, 1.10, 1.10, 1.10, 1.10, 0.00, 0.00]

Optimized U values:
      Sc    Ti    V     Cr    Mn    Fe    Co    Ni    Cu    Zn
 U = [0.00, 2.23, 0.90, 2.52, 2.35, 0.73, 2.12, 0.63, 0.00, 0.00]

Errors with initial Jain correction:
Binary oxide reactions (RMSE & MAE)           :  0.0545  0.0420
Ternary oxide reactions (RMSE & MAE)          :  0.0354  0.0223
Binary O2 reactions (RMSE & MAE)              :  0.1120  0.0920
Ternary O2 reactions (RMSE & MAE)             :  0.0438  0.0271
Binary oxide formation energies (RMSE & MAE)  :  0.1606  0.1333
Ternary oxide formation energies (RMSE & MAE) :  0.1213  0.1024
Dimer binding energies (RMSE & MAE)           :  0.5232  0.4889

Errors with optimized Jain correction:
  Sc    Ti    V     Cr    Mn    Fe    Co    Ni    Cu    Zn
 [0.00, 1.12, 0.02, 0.87, 0.72, 0.28, 0.51, -0.09, 0.02, 0.00]
Binary oxide formation energies (RMSE & MAE)  :  0.0618  0.0518
Ternary oxide formation energies (RMSE & MAE) :  0.0351  0.0300
Dimer binding energies (RMSE & MAE)           :  0.4879  0.4325
